Traceback (most recent call last):
  File "/home/riyaz/project/Simple-Plagiarism-Checker/plag.py", line 1, in <module>
    from flask import Flask, request, render_template
ModuleNotFoundError: No module named 'flask'
Traceback (most recent call last):
  File "/home/riyaz/project/Simple-Plagiarism-Checker/plag.py", line 1, in <module>
    from flask import Flask, request, render_template
ModuleNotFoundError: No module named 'flask'
Traceback (most recent call last):
  File "/home/riyaz/project/Simple-Plagiarism-Checker/plag.py", line 1, in <module>
    from flask import Flask, request, render_template
ModuleNotFoundError: No module named 'flask'
Traceback (most recent call last):
  File "/home/riyaz/project/Simple-Plagiarism-Checker/plag.py", line 1, in <module>
    from flask import Flask, request, render_template
ModuleNotFoundError: No module named 'flask'
Traceback (most recent call last):
  File "/home/riyaz/project/Simple-Plagiarism-Checker/plag.py", line 1, in <module>
    from flask import Flask, request, render_template
ModuleNotFoundError: No module named 'flask'
Traceback (most recent call last):
  File "/home/riyaz/project/Simple-Plagiarism-Checker/plag.py", line 1, in <module>
    from flask import Flask, request, render_template
ModuleNotFoundError: No module named 'flask'
Traceback (most recent call last):
  File "/home/riyaz/project/Simple-Plagiarism-Checker/plag.py", line 1, in <module>
    from flask import Flask, request, render_template
ModuleNotFoundError: No module named 'flask'
Traceback (most recent call last):
  File "/home/riyaz/project/Simple-Plagiarism-Checker/plag.py", line 1, in <module>
    from flask import Flask, request, render_template
ModuleNotFoundError: No module named 'flask'
Traceback (most recent call last):
  File "/home/riyaz/project/Simple-Plagiarism-Checker/plag.py", line 1, in <module>
    from flask import Flask, request, render_template
ModuleNotFoundError: No module named 'flask'
Traceback (most recent call last):
  File "/home/riyaz/project/Simple-Plagiarism-Checker/plag.py", line 1, in <module>
    from flask import Flask, request, render_template
ModuleNotFoundError: No module named 'flask'
Traceback (most recent call last):
  File "/home/riyaz/project/Simple-Plagiarism-Checker/plag.py", line 1, in <module>
    from flask import Flask, request, render_template
ModuleNotFoundError: No module named 'flask'
Traceback (most recent call last):
  File "/home/riyaz/project/Simple-Plagiarism-Checker/plag.py", line 1, in <module>
    from flask import Flask, request, render_template
ModuleNotFoundError: No module named 'flask'
Traceback (most recent call last):
  File "/home/riyaz/project/Simple-Plagiarism-Checker/plag.py", line 1, in <module>
    from flask import Flask, request, render_template
ModuleNotFoundError: No module named 'flask'
Traceback (most recent call last):
  File "/home/riyaz/project/Simple-Plagiarism-Checker/plag.py", line 1, in <module>
    from flask import Flask, request, render_template
ModuleNotFoundError: No module named 'flask'
Traceback (most recent call last):
  File "/home/riyaz/project/Simple-Plagiarism-Checker/plag.py", line 1, in <module>
    from flask import Flask, request, render_template
ModuleNotFoundError: No module named 'flask'
Traceback (most recent call last):
  File "/home/riyaz/project/Simple-Plagiarism-Checker/plag.py", line 1, in <module>
    from flask import Flask, request, render_template
ModuleNotFoundError: No module named 'flask'
Traceback (most recent call last):
  File "/home/riyaz/project/Simple-Plagiarism-Checker/plag.py", line 1, in <module>
    from flask import Flask, request, render_template
ModuleNotFoundError: No module named 'flask'
Traceback (most recent call last):
  File "/home/riyaz/project/Simple-Plagiarism-Checker/plag.py", line 1, in <module>
    from flask import Flask, request, render_template
ModuleNotFoundError: No module named 'flask'
Traceback (most recent call last):
  File "/home/riyaz/project/Simple-Plagiarism-Checker/plag.py", line 1, in <module>
    from flask import Flask, request, render_template
ModuleNotFoundError: No module named 'flask'
Traceback (most recent call last):
  File "/home/riyaz/project/Simple-Plagiarism-Checker/plag.py", line 1, in <module>
    from flask import Flask, request, render_template
ModuleNotFoundError: No module named 'flask'
Traceback (most recent call last):
  File "/home/riyaz/project/Simple-Plagiarism-Checker/plag.py", line 1, in <module>
    from flask import Flask, request, render_template
ModuleNotFoundError: No module named 'flask'
Traceback (most recent call last):
  File "/home/riyaz/project/Simple-Plagiarism-Checker/plag.py", line 1, in <module>
    from flask import Flask, request, render_template
ModuleNotFoundError: No module named 'flask'
Traceback (most recent call last):
  File "/home/riyaz/project/Simple-Plagiarism-Checker/plag.py", line 1, in <module>
    from flask import Flask, request, render_template
ModuleNotFoundError: No module named 'flask'
Traceback (most recent call last):
  File "/home/riyaz/project/Simple-Plagiarism-Checker/plag.py", line 1, in <module>
    from flask import Flask, request, render_template
ModuleNotFoundError: No module named 'flask'
Traceback (most recent call last):
  File "/home/riyaz/project/Simple-Plagiarism-Checker/plag.py", line 1, in <module>
    from flask import Flask, request, render_template
ModuleNotFoundError: No module named 'flask'
Traceback (most recent call last):
  File "/home/riyaz/project/Simple-Plagiarism-Checker/plag.py", line 1, in <module>
    from flask import Flask, request, render_template
ModuleNotFoundError: No module named 'flask'
Traceback (most recent call last):
  File "/home/riyaz/project/Simple-Plagiarism-Checker/plag.py", line 1, in <module>
    from flask import Flask, request, render_template
ModuleNotFoundError: No module named 'flask'
Traceback (most recent call last):
  File "/home/riyaz/project/Simple-Plagiarism-Checker/plag.py", line 1, in <module>
    from flask import Flask, request, render_template
ModuleNotFoundError: No module named 'flask'
Traceback (most recent call last):
  File "/home/riyaz/project/Simple-Plagiarism-Checker/plag.py", line 1, in <module>
    from flask import Flask, request, render_template
ModuleNotFoundError: No module named 'flask'
Traceback (most recent call last):
  File "/home/riyaz/project/Simple-Plagiarism-Checker/plag.py", line 1, in <module>
    from flask import Flask, request, render_template
ModuleNotFoundError: No module named 'flask'
Traceback (most recent call last):
  File "/home/riyaz/project/Simple-Plagiarism-Checker/plag.py", line 1, in <module>
    from flask import Flask, request, render_template
ModuleNotFoundError: No module named 'flask'
[31m[1mWARNING: This is a development server. Do not use it in a production deployment. Use a production WSGI server instead.[0m
 * Running on http://127.0.0.1:5000
[33mPress CTRL+C to quit[0m
127.0.0.1 - - [07/Aug/2024 14:30:31] "GET / HTTP/1.1" 200 -
127.0.0.1 - - [07/Aug/2024 14:30:36] "POST / HTTP/1.1" 200 -
127.0.0.1 - - [07/Aug/2024 14:30:43] "POST / HTTP/1.1" 200 -
127.0.0.1 - - [07/Aug/2024 14:30:44] "POST / HTTP/1.1" 200 -
127.0.0.1 - - [07/Aug/2024 14:30:48] "POST / HTTP/1.1" 200 -
127.0.0.1 - - [07/Aug/2024 14:30:54] "POST / HTTP/1.1" 200 -
127.0.0.1 - - [07/Aug/2024 14:30:55] "POST / HTTP/1.1" 200 -
127.0.0.1 - - [07/Aug/2024 14:37:37] "POST / HTTP/1.1" 200 -
127.0.0.1 - - [07/Aug/2024 14:37:48] "POST / HTTP/1.1" 200 -
127.0.0.1 - - [07/Aug/2024 14:38:03] "POST / HTTP/1.1" 200 -
127.0.0.1 - - [07/Aug/2024 14:38:16] "POST / HTTP/1.1" 200 -
127.0.0.1 - - [07/Aug/2024 14:38:37] "POST / HTTP/1.1" 200 -
